{"/Users/nickfields/source/private-action-loader/src/action.ts": {"path":"/Users/nickfields/source/private-action-loader/src/action.ts","statementMap":{"0":{"start":{"line":1,"column":0},"end":{"line":1,"column":38}},"1":{"start":{"line":2,"column":0},"end":{"line":2,"column":38}},"2":{"start":{"line":3,"column":0},"end":{"line":3,"column":29}},"3":{"start":{"line":4,"column":0},"end":{"line":4,"column":34}},"4":{"start":{"line":5,"column":0},"end":{"line":5,"column":28}},"5":{"start":{"line":6,"column":0},"end":{"line":6,"column":30}},"6":{"start":{"line":9,"column":2},"end":{"line":12,"column":null}},"7":{"start":{"line":10,"column":4},"end":{"line":10,"column":46}},"8":{"start":{"line":11,"column":4},"end":{"line":11,"column":11}},"9":{"start":{"line":14,"column":2},"end":{"line":14,"column":71}},"10":{"start":{"line":16,"column":2},"end":{"line":31,"column":null}},"11":{"start":{"line":16,"column":18},"end":{"line":16,"column":24}},"12":{"start":{"line":16,"column":18},"end":{"line":16,"column":44}},"13":{"start":{"line":16,"column":14},"end":{"line":16,"column":18}},"14":{"start":{"line":17,"column":31},"end":{"line":17,"column":57}},"15":{"start":{"line":19,"column":4},"end":{"line":27,"column":null}},"16":{"start":{"line":20,"column":6},"end":{"line":20,"column":42}},"17":{"start":{"line":21,"column":6},"end":{"line":21,"column":15}},"18":{"start":{"line":22,"column":11},"end":{"line":27,"column":null}},"19":{"start":{"line":23,"column":6},"end":{"line":23,"column":62}},"20":{"start":{"line":24,"column":6},"end":{"line":24,"column":15}},"21":{"start":{"line":25,"column":11},"end":{"line":27,"column":null}},"22":{"start":{"line":26,"column":6},"end":{"line":26,"column":79}},"23":{"start":{"line":29,"column":4},"end":{"line":29,"column":82}},"24":{"start":{"line":30,"column":4},"end":{"line":30,"column":63}},"25":{"start":{"line":8,"column":0},"end":{"line":8,"column":16}},"26":{"start":{"line":40,"column":8},"end":{"line":40,"column":22}},"27":{"start":{"line":42,"column":2},"end":{"line":42,"column":42}},"28":{"start":{"line":43,"column":2},"end":{"line":43,"column":29}},"29":{"start":{"line":45,"column":2},"end":{"line":45,"column":44}},"30":{"start":{"line":46,"column":8},"end":{"line":46,"column":65}},"31":{"start":{"line":47,"column":8},"end":{"line":47,"column":67}},"32":{"start":{"line":49,"column":2},"end":{"line":51,"column":4}},"33":{"start":{"line":52,"column":2},"end":{"line":52,"column":23}},"34":{"start":{"line":54,"column":2},"end":{"line":54,"column":47}},"35":{"start":{"line":55,"column":2},"end":{"line":57,"column":5}},"36":{"start":{"line":59,"column":6},"end":{"line":59,"column":9}},"37":{"start":{"line":60,"column":4},"end":{"line":60,"column":37}},"38":{"start":{"line":61,"column":4},"end":{"line":61,"column":83}},"39":{"start":{"line":66,"column":8},"end":{"line":68,"column":25}},"40":{"start":{"line":70,"column":2},"end":{"line":70,"column":37}},"41":{"start":{"line":71,"column":8},"end":{"line":71,"column":70}},"42":{"start":{"line":72,"column":8},"end":{"line":72,"column":35}},"43":{"start":{"line":74,"column":2},"end":{"line":76,"column":null}},"44":{"start":{"line":75,"column":4},"end":{"line":75,"column":50}},"45":{"start":{"line":78,"column":2},"end":{"line":78,"column":18}},"46":{"start":{"line":80,"column":2},"end":{"line":80,"column":38}},"47":{"start":{"line":81,"column":2},"end":{"line":81,"column":20}},"48":{"start":{"line":82,"column":2},"end":{"line":82,"column":18}},"49":{"start":{"line":84,"column":2},"end":{"line":84,"column":54}},"50":{"start":{"line":85,"column":2},"end":{"line":85,"column":36}},"51":{"start":{"line":86,"column":2},"end":{"line":86,"column":64}},"52":{"start":{"line":87,"column":2},"end":{"line":87,"column":18}},"53":{"start":{"line":89,"column":2},"end":{"line":89,"column":34}},"54":{"start":{"line":90,"column":2},"end":{"line":90,"column":27}},"55":{"start":{"line":34,"column":0},"end":{"line":34,"column":22}}},"fnMap":{"0":{"name":"setInputs","decl":{"start":{"line":8,"column":16},"end":{"line":8,"column":25}},"loc":{"start":{"line":8,"column":37},"end":{"line":32,"column":1}}},"1":{"name":"runAction","decl":{"start":{"line":34,"column":22},"end":{"line":34,"column":31}},"loc":{"start":{"line":39,"column":1},"end":{"line":91,"column":null}}}},"branchMap":{"0":{"loc":{"start":{"line":9,"column":2},"end":{"line":12,"column":null}},"type":"if","locations":[{"start":{"line":9,"column":2},"end":{"line":12,"column":null}},{"start":{"line":9,"column":2},"end":{"line":12,"column":null}}]},"1":{"loc":{"start":{"line":19,"column":4},"end":{"line":27,"column":null}},"type":"if","locations":[{"start":{"line":19,"column":4},"end":{"line":27,"column":null}},{"start":{"line":19,"column":4},"end":{"line":27,"column":null}}]},"2":{"loc":{"start":{"line":22,"column":11},"end":{"line":27,"column":null}},"type":"if","locations":[{"start":{"line":22,"column":11},"end":{"line":27,"column":null}},{"start":{"line":22,"column":11},"end":{"line":27,"column":null}}]},"3":{"loc":{"start":{"line":22,"column":15},"end":{"line":22,"column":41}},"type":"binary-expr","locations":[{"start":{"line":22,"column":15},"end":{"line":22,"column":41}},{"start":{"line":22,"column":45},"end":{"line":22,"column":70}}]},"4":{"loc":{"start":{"line":25,"column":11},"end":{"line":27,"column":null}},"type":"if","locations":[{"start":{"line":25,"column":11},"end":{"line":27,"column":null}},{"start":{"line":25,"column":11},"end":{"line":27,"column":null}}]},"5":{"loc":{"start":{"line":25,"column":15},"end":{"line":25,"column":40}},"type":"binary-expr","locations":[{"start":{"line":25,"column":15},"end":{"line":25,"column":40}},{"start":{"line":25,"column":44},"end":{"line":25,"column":69}}]},"6":{"loc":{"start":{"line":50,"column":75},"end":{"line":50,"column":91}},"type":"cond-expr","locations":[{"start":{"line":50,"column":75},"end":{"line":50,"column":91}},{"start":{"line":50,"column":94},"end":{"line":50,"column":96}}]},"7":{"loc":{"start":{"line":59,"column":6},"end":{"line":59,"column":9}},"type":"if","locations":[{"start":{"line":59,"column":6},"end":{"line":59,"column":9}},{"start":{"line":59,"column":6},"end":{"line":59,"column":9}}]},"8":{"loc":{"start":{"line":67,"column":6},"end":{"line":67,"column":52}},"type":"cond-expr","locations":[{"start":{"line":67,"column":6},"end":{"line":67,"column":52}},{"start":{"line":68,"column":6},"end":{"line":68,"column":24}}]},"9":{"loc":{"start":{"line":74,"column":2},"end":{"line":76,"column":null}},"type":"if","locations":[{"start":{"line":74,"column":2},"end":{"line":76,"column":null}},{"start":{"line":74,"column":2},"end":{"line":76,"column":null}}]},"10":{"loc":{"start":{"line":74,"column":8},"end":{"line":74,"column":14}},"type":"binary-expr","locations":[{"start":{"line":74,"column":8},"end":{"line":74,"column":14}},{"start":{"line":74,"column":18},"end":{"line":74,"column":29}},{"start":{"line":74,"column":33},"end":{"line":74,"column":44}},{"start":{"line":74,"column":48},"end":{"line":74,"column":64}}]}},"s":{"0":1,"1":1,"2":1,"3":1,"4":1,"5":1,"6":13,"7":8,"8":8,"9":5,"10":5,"11":5,"12":5,"13":5,"14":5,"15":5,"16":1,"17":1,"18":4,"19":1,"20":1,"21":3,"22":1,"23":3,"24":3,"25":1,"26":7,"27":7,"28":7,"29":7,"30":7,"31":7,"32":7,"33":14,"34":7,"35":14,"36":13,"37":1,"38":2,"39":7,"40":7,"41":7,"42":7,"43":7,"44":0,"45":7,"46":7,"47":7,"48":7,"49":7,"50":7,"51":14,"52":7,"53":7,"54":7,"55":1},"f":{"0":13,"1":7},"b":{"0":[8,5],"1":[1,4],"2":[1,3],"3":[4,2],"4":[1,2],"5":[3,2],"6":[1,6],"7":[6,1],"8":[6,1],"9":[0,7],"10":[7,7,7,7]}}
}
