TN:
SF:/Users/nickfields/source/private-action-loader/src/action.ts
FN:8,setInputs
FN:34,runAction
FNF:2
FNH:2
FNDA:13,setInputs
FNDA:7,runAction
DA:1,1
DA:2,1
DA:3,1
DA:4,1
DA:5,1
DA:6,1
DA:8,1
DA:9,13
DA:10,8
DA:11,8
DA:14,5
DA:16,5
DA:17,5
DA:19,5
DA:20,1
DA:21,1
DA:22,4
DA:23,1
DA:24,1
DA:25,3
DA:26,1
DA:29,3
DA:30,3
DA:34,1
DA:40,7
DA:42,7
DA:43,7
DA:45,7
DA:46,7
DA:47,7
DA:49,7
DA:52,14
DA:54,7
DA:55,14
DA:59,13
DA:60,1
DA:61,2
DA:66,7
DA:70,7
DA:71,7
DA:72,7
DA:74,7
DA:75,0
DA:78,7
DA:80,7
DA:81,7
DA:82,7
DA:84,7
DA:85,7
DA:86,14
DA:87,7
DA:89,7
DA:90,7
LF:53
LH:52
BRDA:9,0,0,8
BRDA:9,0,1,5
BRDA:19,1,0,1
BRDA:19,1,1,4
BRDA:22,2,0,1
BRDA:22,2,1,3
BRDA:22,3,0,4
BRDA:22,3,1,2
BRDA:25,4,0,1
BRDA:25,4,1,2
BRDA:25,5,0,3
BRDA:25,5,1,2
BRDA:50,6,0,1
BRDA:50,6,1,6
BRDA:59,7,0,6
BRDA:59,7,1,1
BRDA:67,8,0,6
BRDA:67,8,1,1
BRDA:74,9,0,0
BRDA:74,9,1,7
BRDA:74,10,0,7
BRDA:74,10,1,7
BRDA:74,10,2,7
BRDA:74,10,3,7
BRF:24
BRH:23
end_of_record
